<?xml version="1.0" encoding="UTF-8"?>
<!-- Generated by org.testng.reporters.JUnitReportReporter -->
<testsuite skipped="0" hostname="DESKTOP-64N8BTO" name="Runner.TestRunner" tests="1" failures="0" timestamp="25 Nov 2018 08:23:33 GMT" time="47.439" errors="0">
  <testcase name="feature" time="47.439" classname="Runner.TestRunner"/>
</testsuite> <!-- Runner.TestRunner -->
